
============= MEMWATCH 2.71 Copyright (C) 1992-1999 Johan Lindh =============

Started at Sun Apr 25 23:14:06 2021

Modes: __STDC__ 64-bit mwDWORD==(unsigned int)
mwROUNDALLOC==8 sizeof(mwData)==56 mwDataSize==56

statistics: now collecting on a line basis
Hello world!
underflow: <5> test.c(62), 200 bytes alloc'd at <4> test.c(60)
relink: <7> test.c(66) attempting to repair MW-0x55a719dc2ab0...
relink: MW-0x55a719dc2ab0 is the head (first) allocation
relink: MW-0x55a719dc2ab0 prev pointer is non-NULL, you have a wild pointer
relink: successful, no allocations lost
assert trap: <8> test.c(69), 1==2

Stopped at Sun Apr 25 23:14:12 2021

unfreed: <3> test.c(59), 20 bytes at 0x55a719dc28e0  	{FE FE FE FE FE FE FE FE FE FE FE FE FE FE FE FE ................}

Memory usage statistics (global):
 N)umber of allocations made: 4
 L)argest memory usage      : 220
 T)otal of all alloc() calls: 530
 U)nfreed bytes totals      : 20

Memory usage statistics (detailed):
 Module/Line                                Number   Largest  Total    Unfreed 
 test.c                                     4        220      530      20      
  64                                        1        100      100      0       
  60                                        1        200      200      0       
  59                                        1        20       20       20      
  57                                        1        210      210      0       

============= MEMWATCH 2.71 Copyright (C) 1992-1999 Johan Lindh =============

Started at Sun Apr 25 23:20:50 2021

Modes: __STDC__ 64-bit mwDWORD==(unsigned int)
mwROUNDALLOC==8 sizeof(mwData)==56 mwDataSize==56


Stopped at Sun Apr 25 23:20:50 2021

unfreed: <2> ../../minishell.c(7), 10 bytes at 0x557ffe74f790  	{FE FE FE FE FE FE FE FE FE FE .. .. .. .. .. .. ..........}
unfreed: <1> ../../minishell.c(6), 10 bytes at 0x557ffe74f730  	{FE FE FE FE FE FE FE FE FE FE .. .. .. .. .. .. ..........}

Memory usage statistics (global):
 N)umber of allocations made: 2
 L)argest memory usage      : 20
 T)otal of all alloc() calls: 20
 U)nfreed bytes totals      : 20
